<?xml version="1.0" encoding="UTF-8"?>
<!-- Generated by org.testng.reporters.JUnitReportReporter -->
<testsuite hostname="VDX3445" failures="0" tests="1" name="InvokeLayer.NewTest" time="57.805" errors="0" timestamp="2021-08-30T12:28:29 NZST" skipped="0">
  <testcase classname="InvokeLayer.NewTest" name="f" time="57.805"/>
  <system-out/>
</testsuite> <!-- InvokeLayer.NewTest -->
