<?xml version="1.0" encoding="UTF-8"?>
<!-- Generated by org.testng.reporters.JUnitReportReporter -->
<testsuite hostname="VDX3445" failures="0" tests="1" name="InvokeLayer.BuggyRatingTest" time="50.691" errors="0" timestamp="2021-09-01T15:11:41 NZST" skipped="0">
  <testcase classname="InvokeLayer.BuggyRatingTest" name="functionalTest" time="50.691"/>
  <system-out/>
</testsuite> <!-- InvokeLayer.BuggyRatingTest -->
